TN:
SF:src\App.tsx
FN:8,App
FNF:1
FNH:0
FNDA:0,App
DA:1,0
DA:2,0
DA:3,0
DA:4,0
DA:5,0
DA:9,0
DA:11,0
DA:35,0
LF:8
LH:0
BRDA:18,0,0,0
BRDA:18,0,1,0
BRF:2
BRH:0
end_of_record
TN:
SF:src\main.tsx
FNF:0
FNH:0
DA:1,0
DA:2,0
DA:3,0
DA:4,0
DA:5,0
DA:6,0
DA:8,0
LF:7
LH:0
BRF:0
BRH:0
end_of_record
TN:
SF:src\app\store.ts
FNF:0
FNH:0
DA:1,3
DA:2,3
DA:3,3
DA:5,3
LF:4
LH:4
BRF:0
BRH:0
end_of_record
TN:
SF:src\components\atoms\Icons.tsx
FN:5,(anonymous_0)
FN:42,(anonymous_1)
FN:94,(anonymous_2)
FN:106,(anonymous_3)
FN:133,(anonymous_4)
FNF:5
FNH:4
FNDA:6,(anonymous_0)
FNDA:2,(anonymous_1)
FNDA:5,(anonymous_2)
FNDA:0,(anonymous_3)
FNDA:2,(anonymous_4)
DA:5,8
DA:6,6
DA:42,8
DA:43,2
DA:94,8
DA:95,5
DA:106,8
DA:107,0
DA:133,8
DA:134,2
DA:141,8
LF:11
LH:10
BRDA:13,0,0,6
BRDA:13,0,1,2
BRDA:99,1,0,3
BRDA:99,1,1,2
BRF:4
BRH:4
end_of_record
TN:
SF:src\components\atoms\Button\Button.tsx
FN:9,(anonymous_1)
FNF:1
FNH:1
FNDA:8,(anonymous_1)
DA:2,8
DA:9,8
DA:15,8
LF:3
LH:3
BRDA:10,0,0,8
BRDA:10,0,1,6
BRF:2
BRH:2
end_of_record
TN:
SF:src\components\atoms\ButtonSubmit\ButtonSubmit.tsx
FN:8,(anonymous_0)
FNF:1
FNH:1
FNDA:14,(anonymous_0)
DA:8,4
DA:12,14
DA:19,4
LF:3
LH:3
BRDA:9,0,0,1
BRF:1
BRH:1
end_of_record
TN:
SF:src\components\atoms\Card\Card.tsx
FN:17,(anonymous_0)
FN:20,(anonymous_1)
FNF:2
FNH:2
FNDA:13,(anonymous_0)
FNDA:4,(anonymous_1)
DA:1,3
DA:2,3
DA:17,3
DA:18,13
DA:20,13
DA:21,4
DA:22,4
DA:25,13
DA:35,3
LF:9
LH:9
BRDA:28,0,0,13
BRDA:28,0,1,6
BRDA:28,1,0,3
BRDA:28,1,1,10
BRF:4
BRH:4
end_of_record
TN:
SF:src\components\atoms\CardOnTable\CardOnTable.tsx
FN:8,(anonymous_0)
FNF:1
FNH:1
FNDA:11,(anonymous_0)
DA:1,6
DA:8,6
DA:9,11
DA:11,11
DA:23,6
LF:5
LH:5
BRDA:15,0,0,8
BRDA:15,0,1,3
BRDA:16,1,0,5
BRDA:16,1,1,6
BRDA:18,2,0,11
BRDA:18,2,1,5
BRDA:18,2,2,4
BRF:7
BRH:7
end_of_record
TN:
SF:src\components\atoms\InputRadio\InputRadio.tsx
FN:10,(anonymous_0)
FNF:1
FNH:1
FNDA:11,(anonymous_0)
DA:10,3
DA:16,11
DA:28,3
LF:3
LH:3
BRF:0
BRH:0
end_of_record
TN:
SF:src\components\atoms\InputText\InputText.tsx
FN:10,(anonymous_0)
FNF:1
FNH:1
FNDA:1,(anonymous_0)
DA:10,1
DA:16,1
DA:29,1
LF:3
LH:3
BRDA:11,0,0,0
BRDA:12,1,0,0
BRDA:13,2,0,0
BRF:3
BRH:0
end_of_record
TN:
SF:src\components\atoms\Label\Label.tsx
FN:6,(anonymous_0)
FNF:1
FNH:1
FNDA:23,(anonymous_0)
DA:6,4
DA:7,23
DA:14,4
LF:3
LH:3
BRF:0
BRH:0
end_of_record
TN:
SF:src\components\atoms\Louder\Louder.tsx
FN:4,(anonymous_0)
FN:14,(anonymous_1)
FN:15,(anonymous_2)
FN:16,(anonymous_3)
FN:23,(anonymous_4)
FN:36,(anonymous_5)
FNF:6
FNH:4
FNDA:2,(anonymous_0)
FNDA:2,(anonymous_1)
FNDA:0,(anonymous_2)
FNDA:0,(anonymous_3)
FNDA:2,(anonymous_4)
FNDA:8,(anonymous_5)
DA:1,5
DA:2,5
DA:4,5
DA:5,2
DA:12,2
DA:14,2
DA:15,2
DA:16,0
DA:18,0
DA:19,0
DA:23,2
DA:26,2
DA:37,8
DA:49,5
LF:14
LH:11
BRF:0
BRH:0
end_of_record
TN:
SF:src\components\atoms\LouderTable\LouderTable.tsx
FN:4,(anonymous_1)
FNF:1
FNH:1
FNDA:1,(anonymous_1)
DA:1,4
DA:2,4
DA:4,4
DA:5,1
DA:13,4
LF:5
LH:5
BRF:0
BRH:0
end_of_record
TN:
SF:src\components\atoms\Option\Option.tsx
FN:8,(anonymous_0)
FNF:1
FNH:1
FNDA:7,(anonymous_0)
DA:8,4
DA:9,7
DA:12,4
LF:3
LH:3
BRF:0
BRH:0
end_of_record
TN:
SF:src\components\atoms\UserLogo\UserLogo.tsx
FN:8,(anonymous_0)
FNF:1
FNH:1
FNDA:9,(anonymous_0)
DA:2,6
DA:8,6
DA:9,9
DA:12,6
LF:4
LH:4
BRDA:9,0,0,9
BRDA:9,0,1,1
BRF:2
BRH:2
end_of_record
TN:
SF:src\components\molecules\Avarage\Avarage.tsx
FN:6,(anonymous_0)
FN:10,(anonymous_1)
FN:11,(anonymous_2)
FNF:3
FNH:3
FNDA:4,(anonymous_0)
FNDA:4,(anonymous_1)
FNDA:8,(anonymous_2)
DA:2,3
DA:4,3
DA:6,3
DA:7,4
DA:10,3
DA:11,8
DA:12,4
DA:20,3
LF:8
LH:8
BRF:0
BRH:0
end_of_record
TN:
SF:src\components\molecules\ButtonOnTable\ButtonOnTable.tsx
FN:12,(anonymous_1)
FNF:1
FNH:1
FNDA:6,(anonymous_1)
DA:2,4
DA:12,4
DA:19,6
DA:21,3
DA:23,1
DA:29,1
DA:35,1
DA:39,4
LF:8
LH:8
BRDA:19,0,0,3
BRDA:19,1,0,6
BRDA:19,1,1,5
BRDA:21,2,0,1
BRDA:21,2,1,1
BRDA:21,2,2,1
BRF:6
BRH:6
end_of_record
TN:
SF:src\components\molecules\CardResult\CardResult.tsx
FN:16,(anonymous_1)
FNF:1
FNH:1
FNDA:3,(anonymous_1)
DA:2,3
DA:3,3
DA:16,3
DA:17,3
DA:27,3
LF:5
LH:5
BRDA:21,0,0,3
BRDA:21,0,1,1
BRF:2
BRH:2
end_of_record
TN:
SF:src\components\molecules\CurrentUserItem\CurrentUserItem.tsx
FN:28,(anonymous_1)
FN:31,(anonymous_2)
FN:39,(anonymous_3)
FNF:3
FNH:2
FNDA:4,(anonymous_1)
FNDA:8,(anonymous_2)
FNDA:0,(anonymous_3)
DA:2,3
DA:3,3
DA:4,3
DA:5,3
DA:6,3
DA:7,3
DA:8,3
DA:9,3
DA:28,3
DA:29,4
DA:31,8
DA:32,4
DA:34,4
DA:36,4
DA:37,4
DA:39,4
DA:40,0
DA:41,0
DA:44,4
DA:63,3
LF:20
LH:18
BRDA:32,0,0,4
BRDA:32,0,1,3
BRDA:46,1,0,2
BRDA:46,1,1,2
BRDA:52,2,0,4
BRDA:52,2,1,2
BRF:6
BRH:6
end_of_record
TN:
SF:src\components\molecules\Locker\Locker.tsx
FN:8,(anonymous_0)
FNF:1
FNH:1
FNDA:10,(anonymous_0)
DA:8,3
DA:9,10
DA:12,3
LF:3
LH:3
BRF:0
BRH:0
end_of_record
TN:
SF:src\components\molecules\ModalCopyLinkContent\ModalCopyLinkContent.tsx
FN:7,(anonymous_8)
FN:7,(anonymous_9)
FN:21,(anonymous_10)
FN:28,(anonymous_11)
FN:32,(anonymous_12)
FN:32,(anonymous_13)
FN:35,(anonymous_14)
FN:41,(anonymous_15)
FNF:8
FNH:2
FNDA:2,(anonymous_8)
FNDA:2,(anonymous_9)
FNDA:0,(anonymous_10)
FNDA:0,(anonymous_11)
FNDA:0,(anonymous_12)
FNDA:0,(anonymous_13)
FNDA:0,(anonymous_14)
FNDA:0,(anonymous_15)
DA:1,2
DA:2,2
DA:3,2
DA:4,2
DA:5,2
DA:7,2
DA:8,2
DA:9,2
DA:10,1
DA:12,1
DA:13,1
DA:21,2
DA:24,0
DA:25,0
DA:26,0
DA:28,0
DA:29,0
DA:32,0
DA:33,0
DA:34,0
DA:35,0
DA:36,0
DA:41,0
DA:42,0
DA:45,0
DA:64,2
LF:26
LH:13
BRDA:33,0,0,0
BRDA:57,1,0,0
BRDA:57,1,1,0
BRF:3
BRH:0
end_of_record
TN:
SF:src\components\molecules\SelectPoolCards\SelectPoolCards.tsx
FN:8,(anonymous_1)
FN:11,(anonymous_2)
FN:13,(anonymous_3)
FN:17,(anonymous_4)
FN:32,(anonymous_5)
FNF:5
FNH:5
FNDA:8,(anonymous_1)
FNDA:14,(anonymous_2)
FNDA:14,(anonymous_3)
FNDA:1,(anonymous_4)
FNDA:6,(anonymous_5)
DA:1,3
DA:2,3
DA:4,3
DA:5,3
DA:6,3
DA:8,3
DA:9,8
DA:10,8
DA:11,14
DA:13,14
DA:15,8
DA:17,8
DA:18,1
DA:19,1
DA:22,8
DA:33,6
DA:43,3
LF:17
LH:17
BRDA:24,0,0,8
BRDA:24,0,1,3
BRDA:24,0,2,3
BRF:3
BRH:3
end_of_record
TN:
SF:src\components\molecules\Table\Table.tsx
FN:18,(anonymous_1)
FN:20,(anonymous_2)
FN:25,(anonymous_3)
FN:29,(anonymous_4)
FN:36,(anonymous_5)
FNF:5
FNH:2
FNDA:3,(anonymous_1)
FNDA:6,(anonymous_2)
FNDA:0,(anonymous_3)
FNDA:0,(anonymous_4)
FNDA:0,(anonymous_5)
DA:1,3
DA:2,3
DA:3,3
DA:8,3
DA:10,3
DA:11,3
DA:12,3
DA:18,3
DA:19,3
DA:20,6
DA:21,3
DA:23,3
DA:25,3
DA:26,0
DA:29,0
DA:30,0
DA:31,0
DA:32,0
DA:36,3
DA:37,0
DA:38,0
DA:41,3
DA:56,3
LF:23
LH:16
BRDA:43,0,0,3
BRDA:43,0,1,0
BRF:2
BRH:1
end_of_record
TN:
SF:src\components\molecules\UserItem\UserItem.tsx
FN:22,(anonymous_1)
FN:25,(anonymous_2)
FN:29,(anonymous_3)
FN:38,(anonymous_4)
FNF:4
FNH:3
FNDA:5,(anonymous_1)
FNDA:10,(anonymous_2)
FNDA:10,(anonymous_3)
FNDA:0,(anonymous_4)
DA:2,3
DA:3,3
DA:4,3
DA:5,3
DA:6,3
DA:8,3
DA:9,3
DA:22,3
DA:23,5
DA:25,10
DA:26,5
DA:28,5
DA:29,10
DA:32,5
DA:34,5
DA:35,5
DA:36,5
DA:38,5
DA:39,0
DA:42,5
DA:61,3
LF:21
LH:20
BRDA:32,0,0,5
BRDA:32,0,1,3
BRDA:44,1,0,2
BRDA:44,1,1,3
BRDA:50,2,0,5
BRDA:50,2,1,2
BRDA:50,2,2,2
BRF:7
BRH:7
end_of_record
TN:
SF:src\components\organisms\CardResultsCtn\CardResultsCtn.tsx
FN:8,(anonymous_1)
FN:9,(anonymous_2)
FN:15,(anonymous_3)
FNF:3
FNH:3
FNDA:2,(anonymous_1)
FNDA:4,(anonymous_2)
FNDA:1,(anonymous_3)
DA:2,2
DA:4,2
DA:5,2
DA:6,2
DA:8,2
DA:9,4
DA:11,2
DA:16,1
DA:24,2
LF:9
LH:9
BRDA:14,0,0,2
BRDA:14,0,1,2
BRF:2
BRH:2
end_of_record
TN:
SF:src\components\organisms\CreateGameForm\CreateGameForm.tsx
FN:20,(anonymous_1)
FN:39,(anonymous_2)
FN:49,(anonymous_3)
FNF:3
FNH:3
FNDA:5,(anonymous_1)
FNDA:8,(anonymous_2)
FNDA:1,(anonymous_3)
DA:2,1
DA:3,1
DA:4,1
DA:5,1
DA:6,1
DA:8,1
DA:9,1
DA:10,1
DA:20,1
DA:21,5
DA:26,5
DA:28,2
DA:29,2
DA:32,2
DA:33,2
DA:36,0
DA:39,1
DA:41,8
DA:46,7
DA:47,7
DA:49,7
DA:50,1
DA:51,1
DA:52,1
DA:55,7
DA:81,1
LF:26
LH:25
BRDA:26,0,0,3
BRDA:28,1,0,2
BRDA:32,2,0,2
BRDA:69,3,0,2
BRDA:69,3,1,5
BRDA:69,4,0,7
BRDA:69,4,1,2
BRDA:73,5,0,2
BRDA:73,5,1,5
BRDA:73,6,0,7
BRDA:73,6,1,5
BRF:11
BRH:11
end_of_record
TN:
SF:src\components\organisms\Formuser\FormUser.tsx
FN:18,(anonymous_1)
FN:39,(anonymous_2)
FN:50,(anonymous_3)
FN:55,(anonymous_4)
FN:57,(anonymous_5)
FN:95,(anonymous_6)
FN:105,(anonymous_7)
FNF:7
FNH:4
FNDA:3,(anonymous_1)
FNDA:5,(anonymous_2)
FNDA:5,(anonymous_3)
FNDA:0,(anonymous_4)
FNDA:0,(anonymous_5)
FNDA:0,(anonymous_6)
FNDA:1,(anonymous_7)
DA:1,2
DA:2,2
DA:3,2
DA:4,2
DA:5,2
DA:6,2
DA:7,2
DA:8,2
DA:9,2
DA:10,2
DA:12,2
DA:18,2
DA:19,3
DA:24,3
DA:26,1
DA:27,0
DA:30,1
DA:31,0
DA:34,1
DA:39,2
DA:40,5
DA:45,5
DA:46,5
DA:47,5
DA:49,5
DA:50,5
DA:53,5
DA:55,5
DA:57,5
DA:58,0
DA:59,0
DA:61,0
DA:67,0
DA:72,0
DA:73,0
DA:76,5
DA:95,0
DA:105,1
DA:120,2
LF:39
LH:30
BRDA:24,0,0,2
BRDA:26,1,0,0
BRDA:30,2,0,0
BRDA:64,3,0,0
BRDA:64,3,1,0
BRDA:73,4,0,0
BRDA:73,4,1,0
BRDA:87,5,0,5
BRDA:87,5,1,0
BRDA:87,5,2,0
BRDA:113,6,0,3
BRDA:113,6,1,2
BRDA:113,7,0,5
BRDA:113,7,1,5
BRF:14
BRH:6
end_of_record
TN:
SF:src\components\organisms\HeaderHome\HeaderHome.tsx
FN:3,(anonymous_0)
FNF:1
FNH:1
FNDA:1,(anonymous_0)
DA:1,1
DA:2,1
DA:3,1
DA:4,1
DA:14,1
LF:5
LH:5
BRF:0
BRH:0
end_of_record
TN:
SF:src\components\organisms\HeaderTableScreen\HeaderTableScreen.tsx
FN:12,(anonymous_1)
FN:15,(anonymous_2)
FN:16,(anonymous_3)
FNF:3
FNH:3
FNDA:3,(anonymous_1)
FNDA:6,(anonymous_2)
FNDA:6,(anonymous_3)
DA:2,2
DA:3,2
DA:5,2
DA:6,2
DA:12,2
DA:15,6
DA:16,6
DA:18,3
DA:33,2
LF:9
LH:9
BRF:0
BRH:0
end_of_record
TN:
SF:src\components\organisms\Modal\Modal.tsx
FN:9,(anonymous_0)
FNF:1
FNH:1
FNDA:2,(anonymous_0)
DA:2,2
DA:9,2
DA:10,2
DA:20,2
LF:4
LH:4
BRDA:12,0,0,1
BRDA:12,0,1,1
BRF:2
BRH:2
end_of_record
TN:
SF:src\components\organisms\SelectableCardContainer\SelectableCardContainer.tsx
FN:20,(anonymous_1)
FN:24,(anonymous_2)
FN:30,(anonymous_3)
FN:53,(anonymous_4)
FN:57,(anonymous_5)
FNF:5
FNH:5
FNDA:4,(anonymous_1)
FNDA:7,(anonymous_2)
FNDA:1,(anonymous_3)
FNDA:6,(anonymous_4)
FNDA:1,(anonymous_5)
DA:1,2
DA:2,2
DA:3,2
DA:4,2
DA:6,2
DA:7,2
DA:8,2
DA:20,2
DA:23,4
DA:24,7
DA:26,4
DA:27,4
DA:28,4
DA:30,4
DA:31,1
DA:32,1
DA:33,1
DA:35,1
DA:38,4
DA:54,6
DA:57,1
DA:71,2
LF:22
LH:22
BRDA:40,0,0,4
BRDA:40,0,1,0
BRDA:49,1,0,4
BRDA:49,1,1,1
BRDA:52,2,0,3
BRDA:52,2,1,1
BRF:6
BRH:5
end_of_record
TN:
SF:src\components\organisms\TableAndPlayers\TableAndPlayers.tsx
FN:11,(anonymous_1)
FN:14,(anonymous_2)
FN:30,(anonymous_3)
FN:31,(anonymous_4)
FN:32,(anonymous_5)
FN:48,(anonymous_6)
FNF:6
FNH:6
FNDA:2,(anonymous_1)
FNDA:5,(anonymous_2)
FNDA:2,(anonymous_3)
FNDA:4,(anonymous_4)
FNDA:4,(anonymous_5)
FNDA:4,(anonymous_6)
DA:2,2
DA:4,2
DA:5,2
DA:6,2
DA:7,2
DA:8,2
DA:11,2
DA:14,5
DA:30,2
DA:31,4
DA:32,4
DA:35,2
DA:37,2
DA:49,4
DA:57,2
LF:15
LH:15
BRDA:47,0,0,2
BRDA:47,0,1,2
BRF:2
BRH:2
end_of_record
TN:
SF:src\components\pages\CreateGameScreen\CreateGameScreen.tsx
FN:6,(anonymous_1)
FNF:1
FNH:1
FNDA:1,(anonymous_1)
DA:2,1
DA:3,1
DA:4,1
DA:6,1
DA:7,1
DA:15,1
LF:6
LH:6
BRF:0
BRH:0
end_of_record
TN:
SF:src\components\pages\GameTableScreen\GameTableScreen.tsx
FN:14,(anonymous_1)
FN:18,(anonymous_2)
FNF:2
FNH:2
FNDA:1,(anonymous_1)
FNDA:2,(anonymous_2)
DA:2,1
DA:3,1
DA:4,1
DA:5,1
DA:6,1
DA:7,1
DA:8,1
DA:10,1
DA:11,1
DA:12,1
DA:14,1
DA:15,1
DA:16,1
DA:18,2
DA:20,1
DA:47,1
LF:16
LH:16
BRDA:26,0,0,1
BRDA:26,0,1,0
BRDA:32,1,0,1
BRDA:32,1,1,0
BRDA:38,2,0,1
BRDA:38,2,1,0
BRF:6
BRH:3
end_of_record
TN:
SF:src\components\pages\SplashScreen\SplashScreen.tsx
FN:10,(anonymous_0)
FN:14,(anonymous_1)
FN:15,(anonymous_2)
FN:19,(anonymous_3)
FNF:4
FNH:4
FNDA:2,(anonymous_0)
FNDA:2,(anonymous_1)
FNDA:1,(anonymous_2)
FNDA:2,(anonymous_3)
DA:1,1
DA:2,1
DA:3,1
DA:10,1
DA:14,2
DA:15,2
DA:16,1
DA:19,2
DA:22,2
DA:30,1
LF:10
LH:10
BRF:0
BRH:0
end_of_record
TN:
SF:src\hooks\useForm.tsx
FN:8,useForm
FN:18,(anonymous_8)
FN:19,(anonymous_9)
FN:19,(anonymous_10)
FN:35,(anonymous_11)
FN:37,(anonymous_12)
FN:44,(anonymous_13)
FN:45,(anonymous_14)
FNF:8
FNH:6
FNDA:13,useForm
FNDA:8,(anonymous_8)
FNDA:8,(anonymous_9)
FNDA:8,(anonymous_10)
FNDA:3,(anonymous_11)
FNDA:3,(anonymous_12)
FNDA:0,(anonymous_13)
FNDA:0,(anonymous_14)
DA:1,3
DA:8,3
DA:12,13
DA:13,12
DA:14,12
DA:18,12
DA:19,8
DA:20,8
DA:21,8
DA:22,8
DA:23,6
DA:24,6
DA:26,2
DA:27,2
DA:32,8
DA:35,12
DA:36,3
DA:37,3
DA:44,12
DA:45,12
DA:46,0
DA:48,12
LF:22
LH:21
BRDA:20,0,0,8
BRDA:40,1,0,0
BRDA:40,1,1,3
BRDA:40,2,0,0
BRDA:40,2,1,3
BRDA:40,3,0,0
BRDA:40,3,1,0
BRDA:40,4,0,0
BRDA:40,4,1,0
BRF:9
BRH:3
end_of_record
TN:
SF:src\hooks\useModal.tsx
FN:3,(anonymous_0)
FN:6,(anonymous_1)
FNF:2
FNH:0
FNDA:0,(anonymous_0)
FNDA:0,(anonymous_1)
DA:1,0
DA:3,0
DA:4,0
DA:6,0
DA:8,0
DA:11,0
LF:6
LH:0
BRDA:3,0,0,0
BRF:1
BRH:0
end_of_record
TN:
SF:src\reducers\game\gameSlice.ts
FN:129,(anonymous_0)
FN:145,(anonymous_1)
FN:147,(anonymous_2)
FN:152,(anonymous_3)
FN:154,(anonymous_4)
FN:158,(anonymous_5)
FN:166,(anonymous_6)
FN:167,(anonymous_7)
FN:175,(anonymous_8)
FN:179,(anonymous_9)
FN:194,(anonymous_10)
FN:198,(anonymous_11)
FN:200,(anonymous_12)
FN:203,(anonymous_13)
FN:205,(anonymous_14)
FN:208,(anonymous_15)
FN:216,(anonymous_16)
FN:217,(anonymous_17)
FN:226,(anonymous_18)
FN:230,(anonymous_19)
FN:234,(anonymous_20)
FNF:21
FNH:0
FNDA:0,(anonymous_0)
FNDA:0,(anonymous_1)
FNDA:0,(anonymous_2)
FNDA:0,(anonymous_3)
FNDA:0,(anonymous_4)
FNDA:0,(anonymous_5)
FNDA:0,(anonymous_6)
FNDA:0,(anonymous_7)
FNDA:0,(anonymous_8)
FNDA:0,(anonymous_9)
FNDA:0,(anonymous_10)
FNDA:0,(anonymous_11)
FNDA:0,(anonymous_12)
FNDA:0,(anonymous_13)
FNDA:0,(anonymous_14)
FNDA:0,(anonymous_15)
FNDA:0,(anonymous_16)
FNDA:0,(anonymous_17)
FNDA:0,(anonymous_18)
FNDA:0,(anonymous_19)
FNDA:0,(anonymous_20)
DA:1,10
DA:38,10
DA:125,10
DA:133,0
DA:134,0
DA:135,0
DA:136,0
DA:137,0
DA:138,0
DA:146,0
DA:147,0
DA:148,0
DA:150,0
DA:153,0
DA:154,0
DA:155,0
DA:164,0
DA:167,0
DA:168,0
DA:170,0
DA:171,0
DA:172,0
DA:176,0
DA:177,0
DA:179,0
DA:180,0
DA:182,0
DA:183,0
DA:185,0
DA:188,0
DA:191,0
DA:192,0
DA:195,0
DA:196,0
DA:197,0
DA:198,0
DA:201,0
DA:204,0
DA:205,0
DA:206,0
DA:208,0
DA:209,0
DA:210,0
DA:213,0
DA:214,0
DA:216,0
DA:217,0
DA:218,0
DA:221,0
DA:222,0
DA:227,0
DA:230,0
DA:231,0
DA:235,0
DA:236,0
DA:241,10
DA:255,10
LF:57
LH:5
BRDA:148,0,0,0
BRDA:148,0,1,0
BRDA:155,1,0,0
BRDA:155,1,1,0
BRDA:171,2,0,0
BRDA:182,3,0,0
BRDA:182,3,1,0
BRDA:206,4,0,0
BRDA:210,5,0,0
BRDA:210,5,1,0
BRDA:216,6,0,0
BRDA:216,6,1,0
BRDA:221,7,0,0
BRDA:231,8,0,0
BRDA:231,8,1,0
BRF:15
BRH:0
end_of_record
TN:
SF:src\reducers\user\userSlice.ts
FN:27,(anonymous_0)
FN:30,(anonymous_1)
FN:38,(anonymous_2)
FN:41,(anonymous_3)
FN:44,(anonymous_4)
FN:49,(anonymous_5)
FNF:6
FNH:0
FNDA:0,(anonymous_0)
FNDA:0,(anonymous_1)
FNDA:0,(anonymous_2)
FNDA:0,(anonymous_3)
FNDA:0,(anonymous_4)
FNDA:0,(anonymous_5)
DA:1,10
DA:16,10
DA:23,10
DA:28,0
DA:34,0
DA:35,0
DA:36,0
DA:39,0
DA:42,0
DA:45,0
DA:46,0
DA:47,0
DA:50,0
DA:51,0
DA:58,10
DA:67,10
LF:16
LH:5
BRDA:51,0,0,0
BRDA:51,0,1,0
BRF:2
BRH:0
end_of_record
TN:
SF:src\utils\index.ts
FN:2,(anonymous_0)
FN:13,(anonymous_1)
FN:20,(anonymous_2)
FN:36,(anonymous_3)
FN:41,(anonymous_4)
FNF:5
FNH:5
FNDA:3,(anonymous_0)
FNDA:3,(anonymous_1)
FNDA:1,(anonymous_2)
FNDA:1,(anonymous_3)
FNDA:3,(anonymous_4)
DA:2,3
DA:7,3
DA:8,0
DA:13,3
DA:14,3
DA:15,2
DA:20,3
DA:24,1
DA:25,1
DA:26,6
DA:27,0
DA:30,1
DA:31,0
DA:36,3
DA:37,1
DA:38,1
DA:41,3
DA:42,3
DA:48,1
DA:49,2
LF:20
LH:17
BRDA:7,0,0,3
BRDA:7,1,0,3
BRDA:7,1,1,3
BRDA:14,2,0,1
BRDA:26,3,0,0
BRDA:30,4,0,1
BRDA:37,5,0,0
BRDA:42,6,0,1
BRDA:43,7,0,3
BRDA:43,7,1,3
BRDA:43,7,2,1
BRDA:43,7,3,1
BRF:12
BRH:10
end_of_record
